\BOOKMARK [0][-]{chapter.1}{\376\377\000I\000n\000t\000r\000o\000d\000u\000c\000t\000i\000o\000n}{}% 1
\BOOKMARK [0][-]{chapter.2}{\376\377\000M\000a\000t\000h\000e\000m\000a\000t\000i\000c\000s}{}% 2
\BOOKMARK [1][-]{section.2.1}{\376\377\000G\000C\000D\000\040\000a\000n\000d\000\040\000L\000C\000M}{chapter.2}% 3
\BOOKMARK [1][-]{section.2.2}{\376\377\000P\000r\000i\000m\000e\000\040\000N\000u\000m\000b\000e\000r\000s}{chapter.2}% 4
\BOOKMARK [1][-]{section.2.3}{\376\377\000M\000o\000d\000u\000l\000a\000r\000\040\000A\000r\000i\000t\000h\000m\000e\000t\000i\000c}{chapter.2}% 5
\BOOKMARK [1][-]{section.2.4}{\376\377\000M\000a\000t\000r\000i\000x\000\040\000E\000x\000p\000o\000n\000e\000n\000t\000i\000a\000t\000i\000o\000n}{chapter.2}% 6
\BOOKMARK [1][-]{section.2.5}{\376\377\000G\000a\000u\000s\000s\000\040\000J\000o\000r\000d\000a\000n\000\040\000E\000l\000i\000m\000i\000n\000a\000t\000i\000o\000n}{chapter.2}% 7
\BOOKMARK [1][-]{section.2.6}{\376\377\000D\000e\000t\000e\000r\000m\000i\000n\000a\000n\000t}{chapter.2}% 8
\BOOKMARK [1][-]{section.2.7}{\376\377\000N\000u\000m\000e\000r\000i\000c\000a\000l\000\040\000I\000n\000t\000e\000g\000r\000a\000t\000i\000o\000n}{chapter.2}% 9
\BOOKMARK [0][-]{chapter.3}{\376\377\000G\000r\000a\000p\000h\000s}{}% 10
\BOOKMARK [1][-]{section.3.1}{\376\377\000D\000e\000p\000t\000h\000\040\000F\000i\000r\000s\000t\000\040\000S\000e\000a\000r\000c\000h\000\040\000\050\000D\000F\000S\000\051}{chapter.3}% 11
\BOOKMARK [1][-]{section.3.2}{\376\377\000B\000r\000e\000a\000d\000t\000h\000\040\000F\000i\000r\000s\000t\000\040\000S\000e\000a\000r\000c\000h\000\040\000\050\000B\000F\000S\000\051}{chapter.3}% 12
\BOOKMARK [1][-]{section.3.3}{\376\377\000F\000i\000n\000d\000i\000n\000g\000\040\000B\000r\000i\000d\000g\000e\000s\000\040\000a\000n\000d\000\040\000A\000r\000t\000i\000c\000u\000l\000a\000t\000i\000o\000n\000\040\000P\000o\000i\000n\000t\000s}{chapter.3}% 13
\BOOKMARK [2][-]{subsection.3.3.1}{\376\377\000B\000r\000i\000d\000g\000e\000s}{section.3.3}% 14
\BOOKMARK [2][-]{subsection.3.3.2}{\376\377\000A\000r\000t\000i\000c\000u\000l\000a\000t\000i\000o\000n\000\040\000P\000o\000i\000n\000t\000s}{section.3.3}% 15
\BOOKMARK [1][-]{section.3.4}{\376\377\000F\000l\000o\000w\000s}{chapter.3}% 16
\BOOKMARK [2][-]{subsection.3.4.1}{\376\377\000D\000i\000n\000i\000c}{section.3.4}% 17
\BOOKMARK [2][-]{subsection.3.4.2}{\376\377\000F\000o\000r\000d\000\040\000F\000u\000l\000k\000e\000r\000s\000o\000n}{section.3.4}% 18
\BOOKMARK [1][-]{section.3.5}{\376\377\000D\000i\000j\000k\000s\000t\000r\000a}{chapter.3}% 19
\BOOKMARK [1][-]{section.3.6}{\376\377\000B\000e\000l\000l\000m\000a\000n\000\040\000F\000o\000r\000d}{chapter.3}% 20
\BOOKMARK [0][-]{chapter.4}{\376\377\000D\000y\000n\000a\000m\000i\000c\000\040\000P\000r\000o\000g\000r\000a\000m\000m\000i\000n\000g}{}% 21
\BOOKMARK [1][-]{section.4.1}{\376\377\000K\000n\000a\000p\000s\000a\000c\000k\000\040\000P\000r\000o\000b\000l\000e\000m}{chapter.4}% 22
\BOOKMARK [1][-]{section.4.2}{\376\377\000D\000i\000v\000i\000d\000e\000\040\000a\000n\000d\000\040\000C\000o\000n\000q\000u\000e\000r}{chapter.4}% 23
\BOOKMARK [0][-]{chapter.5}{\376\377\000G\000e\000o\000m\000e\000t\000r\000y}{}% 24
\BOOKMARK [1][-]{section.5.1}{\376\377\000P\000o\000i\000n\000t\000s\000\040\000a\000n\000d\000\040\000L\000i\000n\000e\000s}{chapter.5}% 25
\BOOKMARK [2][-]{subsection.5.1.1}{\376\377\000L\000i\000n\000e\000s}{section.5.1}% 26
